#
# A fatal error has been detected by the Java Runtime Environment:
#
#  Internal Error (javaClasses.cpp:136), pid=21456, tid=24168
#  fatal error: Invalid layout of preloaded class
#
# JRE version:  (7.0_51-b13) (build )
# Java VM: Java HotSpot(TM) 64-Bit Server VM (24.51-b03 mixed mode windows-amd64 compressed oops)
# Failed to write core dump. Minidumps are not enabled by default on client versions of Windows
#
# If you would like to submit a bug report, please visit:
#   http://bugreport.sun.com/bugreport/crash.jsp
#

---------------  T H R E A D  ---------------

Current thread (0x00000000002ef000):  JavaThread "Unknown thread" [_thread_in_vm, id=24168, stack(0x0000000002490000,0x0000000002590000)]

Stack: [0x0000000002490000,0x0000000002590000]

---------------  P R O C E S S  ---------------

Java Threads: ( => current thread )

Other Threads:

=>0x00000000002ef000 (exited) JavaThread "Unknown thread" [_thread_in_vm, id=24168, stack(0x0000000002490000,0x0000000002590000)]

VM state:not at safepoint (not fully initialized)

VM Mutex/Monitor currently owned by a thread: None

GC Heap History (0 events):
No events

Deoptimization events (0 events):
No events

Internal exceptions (0 events):
No events

Events (10 events):
Event: 0.020 loading class 0x00000000021ad750 done
Event: 0.020 loading class 0x00000000021ad170 done
Event: 0.020 loading class 0x00000000021ad150
Event: 0.021 loading class 0x00000000021b5250
Event: 0.021 loading class 0x00000000021b5250 done
Event: 0.021 loading class 0x00000000021b5280
Event: 0.021 loading class 0x00000000021b5280 done
Event: 0.021 loading class 0x00000000021b52b0
Event: 0.021 loading class 0x00000000021b52b0 done
Event: 0.021 loading class 0x00000000021ad150 done


Dynamic libraries:
0x000000013f220000 - 0x000000013f253000 	C:\Program Files\Java\jre7\bin\javaw.exe
0x0000000077af0000 - 0x0000000077c99000 	C:\Windows\SYSTEM32\ntdll.dll
0x00000000778d0000 - 0x00000000779ef000 	C:\Windows\system32\kernel32.dll
0x000007fefdb30000 - 0x000007fefdb9c000 	C:\Windows\system32\KERNELBASE.dll
0x000007fefe870000 - 0x000007fefe94b000 	C:\Windows\system32\ADVAPI32.dll
0x000007fefe1e0000 - 0x000007fefe27f000 	C:\Windows\system32\msvcrt.dll
0x000007fefe5f0000 - 0x000007fefe60f000 	C:\Windows\SYSTEM32\sechost.dll
0x000007fefe450000 - 0x000007fefe57d000 	C:\Windows\system32\RPCRT4.dll
0x00000000779f0000 - 0x0000000077aea000 	C:\Windows\system32\USER32.dll
0x000007fefe280000 - 0x000007fefe2e7000 	C:\Windows\system32\GDI32.dll
0x000007feffc10000 - 0x000007feffc1e000 	C:\Windows\system32\LPK.dll
0x000007fefea60000 - 0x000007fefeb29000 	C:\Windows\system32\USP10.dll
0x000007fefc590000 - 0x000007fefc784000 	C:\Windows\WinSxS\amd64_microsoft.windows.common-controls_6595b64144ccf1df_6.0.7601.17514_none_fa396087175ac9ac\COMCTL32.dll
0x000007fefdfe0000 - 0x000007fefe051000 	C:\Windows\system32\SHLWAPI.dll
0x000007fefe420000 - 0x000007fefe44e000 	C:\Windows\system32\IMM32.DLL
0x000007fefe950000 - 0x000007fefea59000 	C:\Windows\system32\MSCTF.dll
0x000000006f310000 - 0x000000006f3e2000 	C:\Program Files\Java\jre7\bin\msvcr100.dll
0x000000005ff50000 - 0x0000000060719000 	C:\Program Files\Java\jre7\bin\server\jvm.dll
0x000007fefad60000 - 0x000007fefad69000 	C:\Windows\system32\WSOCK32.dll
0x000007fefde10000 - 0x000007fefde5d000 	C:\Windows\system32\WS2_32.dll
0x000007fefe5e0000 - 0x000007fefe5e8000 	C:\Windows\system32\NSI.dll
0x000007fefbb50000 - 0x000007fefbb8b000 	C:\Windows\system32\WINMM.dll
0x0000000077cb0000 - 0x0000000077cb7000 	C:\Windows\system32\PSAPI.DLL
0x0000000072ec0000 - 0x0000000072ecf000 	C:\Program Files\Java\jre7\bin\verify.dll
0x0000000071f00000 - 0x0000000071f28000 	C:\Program Files\Java\jre7\bin\java.dll
0x0000000072300000 - 0x0000000072315000 	C:\Program Files\Java\jre7\bin\zip.dll

VM Arguments:
jvm_args: -Dfile.encoding=Cp1252 -Xbootclasspath:F:\Progs\adt-bundle-windows-x86_64-20131030\sdk\platforms\android-19\android.jar 
java_command: com.example.servicetest.MainService
Launcher Type: SUN_STANDARD

Environment Variables:
JAVA_HOME=C:\Program Files (x86)\Java\jdk1.7.0_03
JRE_HOME=C:\Program Files (x86)\Java\jre7
CLASSPATH=.;C:\Program Files (x86)\Java\jre7\lib\ext\QTJava.zip
PATH=C:\Program Files\Common Files\Microsoft Shared\Windows Live;C:\Program Files (x86)\AMD APP\bin\x86_64;C:\Program Files (x86)\AMD APP\bin\x86;C:\Windows\system32;C:\Windows;C:\Windows\System32\Wbem;C:\Windows\System32\WindowsPowerShell\v1.0\;c:\Program Files (x86)\ATI Technologies\ATI.ACE\Core-Static;c:\Program Files\WIDCOMM\Bluetooth Software\;c:\Program Files\WIDCOMM\Bluetooth Software\syswow64;C:\Program Files\Dell\Dell Wireless WLAN Card;C:\Program Files (x86)\Microsoft SQL Server\100\Tools\Binn\;C:\Program Files\Microsoft SQL Server\100\Tools\Binn\;C:\Program Files\Microsoft SQL Server\100\DTS\Binn\;C:\Program Files\Common Files\Autodesk Shared\;C:\Program Files (x86)\Microsoft SQL Server\100\Tools\Binn\VSShell\Common7\IDE\;C:\Program Files (x86)\Microsoft SQL Server\100\DTS\Binn\;F:\Progs\MATLAB\runtime\win64;F:\Progs\MATLAB\bin;C:\Program Files (x86)\QuickTime\QTSystem\;C:\Program Files\TortoiseGit\bin;C:\Program Files\Common Files\Microsoft Shared\Windows Live;C:\Program Files (x86)\Java\jdk1.7.0_03\bin;F:\Progs\Modeltech_pe_edu_10.1c\win32pe_edu;F:\Modeltech_pe_edu_10.2a\win32pe_edu;F:\work\apache-maven-3.1.0\bin;F:\cygwin64\bin
USERNAME=Ahmad
OS=Windows_NT
PROCESSOR_IDENTIFIER=Intel64 Family 6 Model 37 Stepping 2, GenuineIntel



---------------  S Y S T E M  ---------------

OS: Windows 7 , 64 bit Build 7601 Service Pack 1

CPU:total 4 (2 cores per cpu, 2 threads per core) family 6 model 37 stepping 2, cmov, cx8, fxsr, mmx, sse, sse2, sse3, ssse3, sse4.1, sse4.2, popcnt, ht, tsc, tscinvbit

Memory: 4k page, physical 4051496k(1323712k free), swap 8281364k(2489016k free)

vm_info: Java HotSpot(TM) 64-Bit Server VM (24.51-b03) for windows-amd64 JRE (1.7.0_51-b13), built on Dec 18 2013 18:40:56 by "java_re" with unknown MS VC++:1600

time: Mon Jun 30 02:42:10 2014
elapsed time: 0 seconds

